<?xml version="1.0" encoding="utf-8"?><testsuites name="pytest tests"><testsuite name="pytest" errors="0" failures="0" skipped="0" tests="11" time="0.862" timestamp="2026-01-29T20:11:58.385172+00:00" hostname="agent-env-9e8b8838-e441-42cf-b7d4-342eb09f3b0b"><testcase classname="backend.tests.test_onboarding_health.TestHealthEndpoints" name="test_health_status_requires_auth" time="0.063" /><testcase classname="backend.tests.test_onboarding_health.TestHealthEndpoints" name="test_jobs_run_scheduler_requires_auth" time="0.039" /><testcase classname="backend.tests.test_onboarding_health.TestOnboardingEndpoints" name="test_onboarding_status_requires_auth" time="0.045" /><testcase classname="backend.tests.test_onboarding_health.TestOnboardingEndpoints" name="test_onboarding_import_preview_requires_auth" time="0.040" /><testcase classname="backend.tests.test_onboarding_health.TestOnboardingEndpoints" name="test_onboarding_complete_requires_auth" time="0.077" /><testcase classname="backend.tests.test_onboarding_health.TestOnboardingEndpoints" name="test_onboarding_send_test_email_requires_auth" time="0.134" /><testcase classname="backend.tests.test_onboarding_health.TestOnboardingEndpoints" name="test_onboarding_scheduled_preview_requires_auth" time="0.041" /><testcase classname="backend.tests.test_onboarding_health.TestIntegrationEndpoints" name="test_stripe_status_requires_auth" time="0.237" /><testcase classname="backend.tests.test_onboarding_health.TestIntegrationEndpoints" name="test_gmail_status_requires_auth" time="0.039" /><testcase classname="backend.tests.test_onboarding_health.TestDashboardEndpoints" name="test_dashboard_summary_requires_auth" time="0.043" /><testcase classname="backend.tests.test_onboarding_health.TestPublicEndpoints" name="test_stripe_webhook_accessible" time="0.046" /></testsuite></testsuites>